<?xml version="1.0" encoding="UTF-8"?>
<!DOCTYPE book[
<!ELEMENT book (title,  author)>
<!ELEMENT title EMPTY>
<!ELEMENT author EMPTY>
]>
<book>
   <title></title>
   <author/>
</book>